<?xml version="1.0" encoding="UTF-8"?>
<testsuite xmlns:xsi="http://www.w3.org/2001/XMLSchema-instance" xsi:noNamespaceSchemaLocation="https://maven.apache.org/surefire/maven-surefire-plugin/xsd/surefire-test-report-3.0.xsd" version="3.0" name="wordcloud.WordCloudGeneratorUnitTest" time="1.382" tests="2" errors="0" skipped="0" failures="0">
  <properties>
    <property name="gopherProxySet" value="false"/>
    <property name="awt.toolkit" value="sun.lwawt.macosx.LWCToolkit"/>
    <property name="file.encoding.pkg" value="sun.io"/>
    <property name="java.specification.version" value="1.8"/>
    <property name="sun.cpu.isalist" value=""/>
    <property name="sun.jnu.encoding" value="UTF-8"/>
    <property name="sun.awt.enableExtraMouseButtons" value="true"/>
    <property name="java.class.path" value="/Users/arnajean/Documents/ajohn-wick/summarize-my-doc/backend/word-cloud-generator/target/test-classes:/Users/arnajean/Documents/ajohn-wick/summarize-my-doc/backend/word-cloud-generator/target/classes:/var/folders/9y/d8m3bt2n6ss2z4kt4j3r5rfr0000gr/T/transformation_dependencies_temp_1717869481086/org/projectlombok/lombok/1.18.12/lombok-1.18.12.jar:/var/folders/9y/d8m3bt2n6ss2z4kt4j3r5rfr0000gr/T/transformation_dependencies_temp_1717869481086/com/fasterxml/jackson/core/jackson-databind/2.12.7.1/jackson-databind-2.12.7.1.jar:/var/folders/9y/d8m3bt2n6ss2z4kt4j3r5rfr0000gr/T/transformation_dependencies_temp_1717869481086/com/fasterxml/jackson/core/jackson-annotations/2.12.7/jackson-annotations-2.12.7.jar:/var/folders/9y/d8m3bt2n6ss2z4kt4j3r5rfr0000gr/T/transformation_dependencies_temp_1717869481086/com/fasterxml/jackson/core/jackson-core/2.12.7/jackson-core-2.12.7.jar:/var/folders/9y/d8m3bt2n6ss2z4kt4j3r5rfr0000gr/T/transformation_dependencies_temp_1717869481086/com/amazonaws/aws-lambda-java-core/1.2.1/aws-lambda-java-core-1.2.1.jar:/var/folders/9y/d8m3bt2n6ss2z4kt4j3r5rfr0000gr/T/transformation_dependencies_temp_1717869481086/com/amazonaws/aws-lambda-java-events/3.11.0/aws-lambda-java-events-3.11.0.jar:/var/folders/9y/d8m3bt2n6ss2z4kt4j3r5rfr0000gr/T/transformation_dependencies_temp_1717869481086/joda-time/joda-time/2.6/joda-time-2.6.jar:/var/folders/9y/d8m3bt2n6ss2z4kt4j3r5rfr0000gr/T/transformation_dependencies_temp_1717869481086/software/amazon/awssdk/s3/2.21.29/s3-2.21.29.jar:/var/folders/9y/d8m3bt2n6ss2z4kt4j3r5rfr0000gr/T/transformation_dependencies_temp_1717869481086/software/amazon/awssdk/aws-xml-protocol/2.21.29/aws-xml-protocol-2.21.29.jar:/var/folders/9y/d8m3bt2n6ss2z4kt4j3r5rfr0000gr/T/transformation_dependencies_temp_1717869481086/software/amazon/awssdk/aws-query-protocol/2.21.29/aws-query-protocol-2.21.29.jar:/var/folders/9y/d8m3bt2n6ss2z4kt4j3r5rfr0000gr/T/transformation_dependencies_temp_1717869481086/software/amazon/awssdk/protocol-core/2.21.29/protocol-core-2.21.29.jar:/var/folders/9y/d8m3bt2n6ss2z4kt4j3r5rfr0000gr/T/transformation_dependencies_temp_1717869481086/software/amazon/awssdk/arns/2.21.29/arns-2.21.29.jar:/var/folders/9y/d8m3bt2n6ss2z4kt4j3r5rfr0000gr/T/transformation_dependencies_temp_1717869481086/software/amazon/awssdk/profiles/2.21.29/profiles-2.21.29.jar:/var/folders/9y/d8m3bt2n6ss2z4kt4j3r5rfr0000gr/T/transformation_dependencies_temp_1717869481086/software/amazon/awssdk/crt-core/2.21.29/crt-core-2.21.29.jar:/var/folders/9y/d8m3bt2n6ss2z4kt4j3r5rfr0000gr/T/transformation_dependencies_temp_1717869481086/software/amazon/awssdk/http-auth/2.21.29/http-auth-2.21.29.jar:/var/folders/9y/d8m3bt2n6ss2z4kt4j3r5rfr0000gr/T/transformation_dependencies_temp_1717869481086/software/amazon/awssdk/identity-spi/2.21.29/identity-spi-2.21.29.jar:/var/folders/9y/d8m3bt2n6ss2z4kt4j3r5rfr0000gr/T/transformation_dependencies_temp_1717869481086/software/amazon/awssdk/http-auth-spi/2.21.29/http-auth-spi-2.21.29.jar:/var/folders/9y/d8m3bt2n6ss2z4kt4j3r5rfr0000gr/T/transformation_dependencies_temp_1717869481086/org/reactivestreams/reactive-streams/1.0.4/reactive-streams-1.0.4.jar:/var/folders/9y/d8m3bt2n6ss2z4kt4j3r5rfr0000gr/T/transformation_dependencies_temp_1717869481086/software/amazon/awssdk/http-auth-aws/2.21.29/http-auth-aws-2.21.29.jar:/var/folders/9y/d8m3bt2n6ss2z4kt4j3r5rfr0000gr/T/transformation_dependencies_temp_1717869481086/software/amazon/awssdk/checksums-spi/2.21.29/checksums-spi-2.21.29.jar:/var/folders/9y/d8m3bt2n6ss2z4kt4j3r5rfr0000gr/T/transformation_dependencies_temp_1717869481086/software/amazon/awssdk/checksums/2.21.29/checksums-2.21.29.jar:/var/folders/9y/d8m3bt2n6ss2z4kt4j3r5rfr0000gr/T/transformation_dependencies_temp_1717869481086/software/amazon/awssdk/sdk-core/2.21.29/sdk-core-2.21.29.jar:/var/folders/9y/d8m3bt2n6ss2z4kt4j3r5rfr0000gr/T/transformation_dependencies_temp_1717869481086/software/amazon/awssdk/auth/2.21.29/auth-2.21.29.jar:/var/folders/9y/d8m3bt2n6ss2z4kt4j3r5rfr0000gr/T/transformation_dependencies_temp_1717869481086/software/amazon/eventstream/eventstream/1.0.1/eventstream-1.0.1.jar:/var/folders/9y/d8m3bt2n6ss2z4kt4j3r5rfr0000gr/T/transformation_dependencies_temp_1717869481086/software/amazon/awssdk/http-client-spi/2.21.29/http-client-spi-2.21.29.jar:/var/folders/9y/d8m3bt2n6ss2z4kt4j3r5rfr0000gr/T/transformation_dependencies_temp_1717869481086/software/amazon/awssdk/regions/2.21.29/regions-2.21.29.jar:/var/folders/9y/d8m3bt2n6ss2z4kt4j3r5rfr0000gr/T/transformation_dependencies_temp_1717869481086/software/amazon/awssdk/annotations/2.21.29/annotations-2.21.29.jar:/var/folders/9y/d8m3bt2n6ss2z4kt4j3r5rfr0000gr/T/transformation_dependencies_temp_1717869481086/software/amazon/awssdk/utils/2.21.29/utils-2.21.29.jar:/var/folders/9y/d8m3bt2n6ss2z4kt4j3r5rfr0000gr/T/transformation_dependencies_temp_1717869481086/software/amazon/awssdk/aws-core/2.21.29/aws-core-2.21.29.jar:/var/folders/9y/d8m3bt2n6ss2z4kt4j3r5rfr0000gr/T/transformation_dependencies_temp_1717869481086/software/amazon/awssdk/metrics-spi/2.21.29/metrics-spi-2.21.29.jar:/var/folders/9y/d8m3bt2n6ss2z4kt4j3r5rfr0000gr/T/transformation_dependencies_temp_1717869481086/software/amazon/awssdk/json-utils/2.21.29/json-utils-2.21.29.jar:/var/folders/9y/d8m3bt2n6ss2z4kt4j3r5rfr0000gr/T/transformation_dependencies_temp_1717869481086/software/amazon/awssdk/third-party-jackson-core/2.21.29/third-party-jackson-core-2.21.29.jar:/var/folders/9y/d8m3bt2n6ss2z4kt4j3r5rfr0000gr/T/transformation_dependencies_temp_1717869481086/software/amazon/awssdk/endpoints-spi/2.21.29/endpoints-spi-2.21.29.jar:/var/folders/9y/d8m3bt2n6ss2z4kt4j3r5rfr0000gr/T/transformation_dependencies_temp_1717869481086/software/amazon/awssdk/url-connection-client/2.21.29/url-connection-client-2.21.29.jar:/var/folders/9y/d8m3bt2n6ss2z4kt4j3r5rfr0000gr/T/transformation_dependencies_temp_1717869481086/com/kennycason/kumo-core/1.28/kumo-core-1.28.jar:/var/folders/9y/d8m3bt2n6ss2z4kt4j3r5rfr0000gr/T/transformation_dependencies_temp_1717869481086/com/kennycason/kumo-api/1.28/kumo-api-1.28.jar:/var/folders/9y/d8m3bt2n6ss2z4kt4j3r5rfr0000gr/T/transformation_dependencies_temp_1717869481086/org/slf4j/slf4j-api/1.7.30/slf4j-api-1.7.30.jar:/var/folders/9y/d8m3bt2n6ss2z4kt4j3r5rfr0000gr/T/transformation_dependencies_temp_1717869481086/org/jsoup/jsoup/1.12.1/jsoup-1.12.1.jar:/var/folders/9y/d8m3bt2n6ss2z4kt4j3r5rfr0000gr/T/transformation_dependencies_temp_1717869481086/commons-io/commons-io/2.4/commons-io-2.4.jar:/var/folders/9y/d8m3bt2n6ss2z4kt4j3r5rfr0000gr/T/transformation_dependencies_temp_1717869481086/org/apache/commons/commons-lang3/3.4/commons-lang3-3.4.jar:/var/folders/9y/d8m3bt2n6ss2z4kt4j3r5rfr0000gr/T/transformation_dependencies_temp_1717869481086/com/github/davidmoten/rtree/0.8.6/rtree-0.8.6.jar:/var/folders/9y/d8m3bt2n6ss2z4kt4j3r5rfr0000gr/T/transformation_dependencies_temp_1717869481086/com/github/davidmoten/guava-mini/0.1.1/guava-mini-0.1.1.jar:/var/folders/9y/d8m3bt2n6ss2z4kt4j3r5rfr0000gr/T/transformation_dependencies_temp_1717869481086/io/reactivex/rxjava/1.3.8/rxjava-1.3.8.jar:/var/folders/9y/d8m3bt2n6ss2z4kt4j3r5rfr0000gr/T/transformation_dependencies_temp_1717869481086/org/apache/logging/log4j/log4j-core/2.19.0/log4j-core-2.19.0.jar:/var/folders/9y/d8m3bt2n6ss2z4kt4j3r5rfr0000gr/T/transformation_dependencies_temp_1717869481086/org/apache/logging/log4j/log4j-api/2.19.0/log4j-api-2.19.0.jar:/var/folders/9y/d8m3bt2n6ss2z4kt4j3r5rfr0000gr/T/transformation_dependencies_temp_1717869481086/org/mockito/mockito-junit-jupiter/4.7.0/mockito-junit-jupiter-4.7.0.jar:/var/folders/9y/d8m3bt2n6ss2z4kt4j3r5rfr0000gr/T/transformation_dependencies_temp_1717869481086/org/mockito/mockito-core/4.7.0/mockito-core-4.7.0.jar:/var/folders/9y/d8m3bt2n6ss2z4kt4j3r5rfr0000gr/T/transformation_dependencies_temp_1717869481086/net/bytebuddy/byte-buddy/1.12.13/byte-buddy-1.12.13.jar:/var/folders/9y/d8m3bt2n6ss2z4kt4j3r5rfr0000gr/T/transformation_dependencies_temp_1717869481086/net/bytebuddy/byte-buddy-agent/1.12.13/byte-buddy-agent-1.12.13.jar:/var/folders/9y/d8m3bt2n6ss2z4kt4j3r5rfr0000gr/T/transformation_dependencies_temp_1717869481086/org/objenesis/objenesis/3.2/objenesis-3.2.jar:/var/folders/9y/d8m3bt2n6ss2z4kt4j3r5rfr0000gr/T/transformation_dependencies_temp_1717869481086/org/junit/jupiter/junit-jupiter-api/5.9.0/junit-jupiter-api-5.9.0.jar:/var/folders/9y/d8m3bt2n6ss2z4kt4j3r5rfr0000gr/T/transformation_dependencies_temp_1717869481086/org/opentest4j/opentest4j/1.2.0/opentest4j-1.2.0.jar:/var/folders/9y/d8m3bt2n6ss2z4kt4j3r5rfr0000gr/T/transformation_dependencies_temp_1717869481086/org/junit/platform/junit-platform-commons/1.9.0/junit-platform-commons-1.9.0.jar:/var/folders/9y/d8m3bt2n6ss2z4kt4j3r5rfr0000gr/T/transformation_dependencies_temp_1717869481086/org/apiguardian/apiguardian-api/1.1.2/apiguardian-api-1.1.2.jar:"/>
    <property name="java.vm.vendor" value="Amazon.com Inc."/>
    <property name="sun.arch.data.model" value="64"/>
    <property name="sun.font.fontmanager" value="sun.font.CFontManager"/>
    <property name="java.vendor.url" value="https://aws.amazon.com/corretto/"/>
    <property name="user.timezone" value="Europe/Paris"/>
    <property name="java.vm.specification.version" value="1.8"/>
    <property name="os.name" value="Mac OS X"/>
    <property name="user.country" value="FR"/>
    <property name="sun.java.launcher" value="SUN_STANDARD"/>
    <property name="sun.boot.library.path" value="/Library/Java/JavaVirtualMachines/amazon-corretto-8.jdk/Contents/Home/jre/lib"/>
    <property name="sun.java.command" value="/Users/arnajean/Documents/ajohn-wick/summarize-my-doc/backend/word-cloud-generator/target/surefire/surefirebooter-20240608195813238_3.jar /Users/arnajean/Documents/ajohn-wick/summarize-my-doc/backend/word-cloud-generator/target/surefire 2024-06-08T19-58-12_911-jvmRun1 surefire-20240608195813238_1tmp surefire_0-20240608195813238_2tmp"/>
    <property name="surefire.test.class.path" value="/Users/arnajean/Documents/ajohn-wick/summarize-my-doc/backend/word-cloud-generator/target/test-classes:/Users/arnajean/Documents/ajohn-wick/summarize-my-doc/backend/word-cloud-generator/target/classes:/var/folders/9y/d8m3bt2n6ss2z4kt4j3r5rfr0000gr/T/transformation_dependencies_temp_1717869481086/org/projectlombok/lombok/1.18.12/lombok-1.18.12.jar:/var/folders/9y/d8m3bt2n6ss2z4kt4j3r5rfr0000gr/T/transformation_dependencies_temp_1717869481086/com/fasterxml/jackson/core/jackson-databind/2.12.7.1/jackson-databind-2.12.7.1.jar:/var/folders/9y/d8m3bt2n6ss2z4kt4j3r5rfr0000gr/T/transformation_dependencies_temp_1717869481086/com/fasterxml/jackson/core/jackson-annotations/2.12.7/jackson-annotations-2.12.7.jar:/var/folders/9y/d8m3bt2n6ss2z4kt4j3r5rfr0000gr/T/transformation_dependencies_temp_1717869481086/com/fasterxml/jackson/core/jackson-core/2.12.7/jackson-core-2.12.7.jar:/var/folders/9y/d8m3bt2n6ss2z4kt4j3r5rfr0000gr/T/transformation_dependencies_temp_1717869481086/com/amazonaws/aws-lambda-java-core/1.2.1/aws-lambda-java-core-1.2.1.jar:/var/folders/9y/d8m3bt2n6ss2z4kt4j3r5rfr0000gr/T/transformation_dependencies_temp_1717869481086/com/amazonaws/aws-lambda-java-events/3.11.0/aws-lambda-java-events-3.11.0.jar:/var/folders/9y/d8m3bt2n6ss2z4kt4j3r5rfr0000gr/T/transformation_dependencies_temp_1717869481086/joda-time/joda-time/2.6/joda-time-2.6.jar:/var/folders/9y/d8m3bt2n6ss2z4kt4j3r5rfr0000gr/T/transformation_dependencies_temp_1717869481086/software/amazon/awssdk/s3/2.21.29/s3-2.21.29.jar:/var/folders/9y/d8m3bt2n6ss2z4kt4j3r5rfr0000gr/T/transformation_dependencies_temp_1717869481086/software/amazon/awssdk/aws-xml-protocol/2.21.29/aws-xml-protocol-2.21.29.jar:/var/folders/9y/d8m3bt2n6ss2z4kt4j3r5rfr0000gr/T/transformation_dependencies_temp_1717869481086/software/amazon/awssdk/aws-query-protocol/2.21.29/aws-query-protocol-2.21.29.jar:/var/folders/9y/d8m3bt2n6ss2z4kt4j3r5rfr0000gr/T/transformation_dependencies_temp_1717869481086/software/amazon/awssdk/protocol-core/2.21.29/protocol-core-2.21.29.jar:/var/folders/9y/d8m3bt2n6ss2z4kt4j3r5rfr0000gr/T/transformation_dependencies_temp_1717869481086/software/amazon/awssdk/arns/2.21.29/arns-2.21.29.jar:/var/folders/9y/d8m3bt2n6ss2z4kt4j3r5rfr0000gr/T/transformation_dependencies_temp_1717869481086/software/amazon/awssdk/profiles/2.21.29/profiles-2.21.29.jar:/var/folders/9y/d8m3bt2n6ss2z4kt4j3r5rfr0000gr/T/transformation_dependencies_temp_1717869481086/software/amazon/awssdk/crt-core/2.21.29/crt-core-2.21.29.jar:/var/folders/9y/d8m3bt2n6ss2z4kt4j3r5rfr0000gr/T/transformation_dependencies_temp_1717869481086/software/amazon/awssdk/http-auth/2.21.29/http-auth-2.21.29.jar:/var/folders/9y/d8m3bt2n6ss2z4kt4j3r5rfr0000gr/T/transformation_dependencies_temp_1717869481086/software/amazon/awssdk/identity-spi/2.21.29/identity-spi-2.21.29.jar:/var/folders/9y/d8m3bt2n6ss2z4kt4j3r5rfr0000gr/T/transformation_dependencies_temp_1717869481086/software/amazon/awssdk/http-auth-spi/2.21.29/http-auth-spi-2.21.29.jar:/var/folders/9y/d8m3bt2n6ss2z4kt4j3r5rfr0000gr/T/transformation_dependencies_temp_1717869481086/org/reactivestreams/reactive-streams/1.0.4/reactive-streams-1.0.4.jar:/var/folders/9y/d8m3bt2n6ss2z4kt4j3r5rfr0000gr/T/transformation_dependencies_temp_1717869481086/software/amazon/awssdk/http-auth-aws/2.21.29/http-auth-aws-2.21.29.jar:/var/folders/9y/d8m3bt2n6ss2z4kt4j3r5rfr0000gr/T/transformation_dependencies_temp_1717869481086/software/amazon/awssdk/checksums-spi/2.21.29/checksums-spi-2.21.29.jar:/var/folders/9y/d8m3bt2n6ss2z4kt4j3r5rfr0000gr/T/transformation_dependencies_temp_1717869481086/software/amazon/awssdk/checksums/2.21.29/checksums-2.21.29.jar:/var/folders/9y/d8m3bt2n6ss2z4kt4j3r5rfr0000gr/T/transformation_dependencies_temp_1717869481086/software/amazon/awssdk/sdk-core/2.21.29/sdk-core-2.21.29.jar:/var/folders/9y/d8m3bt2n6ss2z4kt4j3r5rfr0000gr/T/transformation_dependencies_temp_1717869481086/software/amazon/awssdk/auth/2.21.29/auth-2.21.29.jar:/var/folders/9y/d8m3bt2n6ss2z4kt4j3r5rfr0000gr/T/transformation_dependencies_temp_1717869481086/software/amazon/eventstream/eventstream/1.0.1/eventstream-1.0.1.jar:/var/folders/9y/d8m3bt2n6ss2z4kt4j3r5rfr0000gr/T/transformation_dependencies_temp_1717869481086/software/amazon/awssdk/http-client-spi/2.21.29/http-client-spi-2.21.29.jar:/var/folders/9y/d8m3bt2n6ss2z4kt4j3r5rfr0000gr/T/transformation_dependencies_temp_1717869481086/software/amazon/awssdk/regions/2.21.29/regions-2.21.29.jar:/var/folders/9y/d8m3bt2n6ss2z4kt4j3r5rfr0000gr/T/transformation_dependencies_temp_1717869481086/software/amazon/awssdk/annotations/2.21.29/annotations-2.21.29.jar:/var/folders/9y/d8m3bt2n6ss2z4kt4j3r5rfr0000gr/T/transformation_dependencies_temp_1717869481086/software/amazon/awssdk/utils/2.21.29/utils-2.21.29.jar:/var/folders/9y/d8m3bt2n6ss2z4kt4j3r5rfr0000gr/T/transformation_dependencies_temp_1717869481086/software/amazon/awssdk/aws-core/2.21.29/aws-core-2.21.29.jar:/var/folders/9y/d8m3bt2n6ss2z4kt4j3r5rfr0000gr/T/transformation_dependencies_temp_1717869481086/software/amazon/awssdk/metrics-spi/2.21.29/metrics-spi-2.21.29.jar:/var/folders/9y/d8m3bt2n6ss2z4kt4j3r5rfr0000gr/T/transformation_dependencies_temp_1717869481086/software/amazon/awssdk/json-utils/2.21.29/json-utils-2.21.29.jar:/var/folders/9y/d8m3bt2n6ss2z4kt4j3r5rfr0000gr/T/transformation_dependencies_temp_1717869481086/software/amazon/awssdk/third-party-jackson-core/2.21.29/third-party-jackson-core-2.21.29.jar:/var/folders/9y/d8m3bt2n6ss2z4kt4j3r5rfr0000gr/T/transformation_dependencies_temp_1717869481086/software/amazon/awssdk/endpoints-spi/2.21.29/endpoints-spi-2.21.29.jar:/var/folders/9y/d8m3bt2n6ss2z4kt4j3r5rfr0000gr/T/transformation_dependencies_temp_1717869481086/software/amazon/awssdk/url-connection-client/2.21.29/url-connection-client-2.21.29.jar:/var/folders/9y/d8m3bt2n6ss2z4kt4j3r5rfr0000gr/T/transformation_dependencies_temp_1717869481086/com/kennycason/kumo-core/1.28/kumo-core-1.28.jar:/var/folders/9y/d8m3bt2n6ss2z4kt4j3r5rfr0000gr/T/transformation_dependencies_temp_1717869481086/com/kennycason/kumo-api/1.28/kumo-api-1.28.jar:/var/folders/9y/d8m3bt2n6ss2z4kt4j3r5rfr0000gr/T/transformation_dependencies_temp_1717869481086/org/slf4j/slf4j-api/1.7.30/slf4j-api-1.7.30.jar:/var/folders/9y/d8m3bt2n6ss2z4kt4j3r5rfr0000gr/T/transformation_dependencies_temp_1717869481086/org/jsoup/jsoup/1.12.1/jsoup-1.12.1.jar:/var/folders/9y/d8m3bt2n6ss2z4kt4j3r5rfr0000gr/T/transformation_dependencies_temp_1717869481086/commons-io/commons-io/2.4/commons-io-2.4.jar:/var/folders/9y/d8m3bt2n6ss2z4kt4j3r5rfr0000gr/T/transformation_dependencies_temp_1717869481086/org/apache/commons/commons-lang3/3.4/commons-lang3-3.4.jar:/var/folders/9y/d8m3bt2n6ss2z4kt4j3r5rfr0000gr/T/transformation_dependencies_temp_1717869481086/com/github/davidmoten/rtree/0.8.6/rtree-0.8.6.jar:/var/folders/9y/d8m3bt2n6ss2z4kt4j3r5rfr0000gr/T/transformation_dependencies_temp_1717869481086/com/github/davidmoten/guava-mini/0.1.1/guava-mini-0.1.1.jar:/var/folders/9y/d8m3bt2n6ss2z4kt4j3r5rfr0000gr/T/transformation_dependencies_temp_1717869481086/io/reactivex/rxjava/1.3.8/rxjava-1.3.8.jar:/var/folders/9y/d8m3bt2n6ss2z4kt4j3r5rfr0000gr/T/transformation_dependencies_temp_1717869481086/org/apache/logging/log4j/log4j-core/2.19.0/log4j-core-2.19.0.jar:/var/folders/9y/d8m3bt2n6ss2z4kt4j3r5rfr0000gr/T/transformation_dependencies_temp_1717869481086/org/apache/logging/log4j/log4j-api/2.19.0/log4j-api-2.19.0.jar:/var/folders/9y/d8m3bt2n6ss2z4kt4j3r5rfr0000gr/T/transformation_dependencies_temp_1717869481086/org/mockito/mockito-junit-jupiter/4.7.0/mockito-junit-jupiter-4.7.0.jar:/var/folders/9y/d8m3bt2n6ss2z4kt4j3r5rfr0000gr/T/transformation_dependencies_temp_1717869481086/org/mockito/mockito-core/4.7.0/mockito-core-4.7.0.jar:/var/folders/9y/d8m3bt2n6ss2z4kt4j3r5rfr0000gr/T/transformation_dependencies_temp_1717869481086/net/bytebuddy/byte-buddy/1.12.13/byte-buddy-1.12.13.jar:/var/folders/9y/d8m3bt2n6ss2z4kt4j3r5rfr0000gr/T/transformation_dependencies_temp_1717869481086/net/bytebuddy/byte-buddy-agent/1.12.13/byte-buddy-agent-1.12.13.jar:/var/folders/9y/d8m3bt2n6ss2z4kt4j3r5rfr0000gr/T/transformation_dependencies_temp_1717869481086/org/objenesis/objenesis/3.2/objenesis-3.2.jar:/var/folders/9y/d8m3bt2n6ss2z4kt4j3r5rfr0000gr/T/transformation_dependencies_temp_1717869481086/org/junit/jupiter/junit-jupiter-api/5.9.0/junit-jupiter-api-5.9.0.jar:/var/folders/9y/d8m3bt2n6ss2z4kt4j3r5rfr0000gr/T/transformation_dependencies_temp_1717869481086/org/opentest4j/opentest4j/1.2.0/opentest4j-1.2.0.jar:/var/folders/9y/d8m3bt2n6ss2z4kt4j3r5rfr0000gr/T/transformation_dependencies_temp_1717869481086/org/junit/platform/junit-platform-commons/1.9.0/junit-platform-commons-1.9.0.jar:/var/folders/9y/d8m3bt2n6ss2z4kt4j3r5rfr0000gr/T/transformation_dependencies_temp_1717869481086/org/apiguardian/apiguardian-api/1.1.2/apiguardian-api-1.1.2.jar:"/>
    <property name="sun.cpu.endian" value="little"/>
    <property name="user.home" value="/Users/arnajean"/>
    <property name="user.language" value="en"/>
    <property name="java.specification.vendor" value="Oracle Corporation"/>
    <property name="java.home" value="/Library/Java/JavaVirtualMachines/amazon-corretto-8.jdk/Contents/Home/jre"/>
    <property name="basedir" value="/Users/arnajean/Documents/ajohn-wick/summarize-my-doc/backend/word-cloud-generator"/>
    <property name="file.separator" value="/"/>
    <property name="line.separator" value="&#10;"/>
    <property name="java.vm.specification.vendor" value="Oracle Corporation"/>
    <property name="java.specification.name" value="Java Platform API Specification"/>
    <property name="java.awt.graphicsenv" value="sun.awt.CGraphicsEnvironment"/>
    <property name="surefire.real.class.path" value="/Users/arnajean/Documents/ajohn-wick/summarize-my-doc/backend/word-cloud-generator/target/surefire/surefirebooter-20240608195813238_3.jar"/>
    <property name="sun.boot.class.path" value="/Library/Java/JavaVirtualMachines/amazon-corretto-8.jdk/Contents/Home/jre/lib/resources.jar:/Library/Java/JavaVirtualMachines/amazon-corretto-8.jdk/Contents/Home/jre/lib/rt.jar:/Library/Java/JavaVirtualMachines/amazon-corretto-8.jdk/Contents/Home/jre/lib/sunrsasign.jar:/Library/Java/JavaVirtualMachines/amazon-corretto-8.jdk/Contents/Home/jre/lib/jsse.jar:/Library/Java/JavaVirtualMachines/amazon-corretto-8.jdk/Contents/Home/jre/lib/jce.jar:/Library/Java/JavaVirtualMachines/amazon-corretto-8.jdk/Contents/Home/jre/lib/charsets.jar:/Library/Java/JavaVirtualMachines/amazon-corretto-8.jdk/Contents/Home/jre/lib/jfr.jar:/Library/Java/JavaVirtualMachines/amazon-corretto-8.jdk/Contents/Home/jre/classes"/>
    <property name="sun.management.compiler" value="HotSpot 64-Bit Tiered Compilers"/>
    <property name="java.runtime.version" value="1.8.0_412-b08"/>
    <property name="user.name" value="arnajean"/>
    <property name="path.separator" value=":"/>
    <property name="os.version" value="14.4.1"/>
    <property name="java.endorsed.dirs" value="/Library/Java/JavaVirtualMachines/amazon-corretto-8.jdk/Contents/Home/jre/lib/endorsed"/>
    <property name="java.runtime.name" value="OpenJDK Runtime Environment"/>
    <property name="file.encoding" value="UTF-8"/>
    <property name="java.vm.name" value="OpenJDK 64-Bit Server VM"/>
    <property name="localRepository" value="/var/folders/9y/d8m3bt2n6ss2z4kt4j3r5rfr0000gr/T/transformation_dependencies_temp_1717869481086"/>
    <property name="java.vendor.url.bug" value="https://github.com/corretto/corretto-8/issues/"/>
    <property name="java.io.tmpdir" value="/var/folders/9y/d8m3bt2n6ss2z4kt4j3r5rfr0000gr/T/"/>
    <property name="java.version" value="1.8.0_412"/>
    <property name="user.dir" value="/Users/arnajean/Documents/ajohn-wick/summarize-my-doc/backend/word-cloud-generator"/>
    <property name="os.arch" value="aarch64"/>
    <property name="java.vm.specification.name" value="Java Virtual Machine Specification"/>
    <property name="java.awt.printerjob" value="sun.lwawt.macosx.CPrinterJob"/>
    <property name="sun.os.patch.level" value="unknown"/>
    <property name="java.library.path" value="/Users/arnajean/Library/Java/Extensions:/Library/Java/Extensions:/Network/Library/Java/Extensions:/System/Library/Java/Extensions:/usr/lib/java:."/>
    <property name="java.vm.info" value="mixed mode"/>
    <property name="java.vendor" value="Amazon.com Inc."/>
    <property name="java.vm.version" value="25.412-b08"/>
    <property name="java.specification.maintenance.version" value="5"/>
    <property name="java.ext.dirs" value="/Users/arnajean/Library/Java/Extensions:/Library/Java/JavaVirtualMachines/amazon-corretto-8.jdk/Contents/Home/jre/lib/ext:/Library/Java/Extensions:/Network/Library/Java/Extensions:/System/Library/Java/Extensions:/usr/lib/java"/>
    <property name="sun.io.unicode.encoding" value="UnicodeBig"/>
    <property name="maven.repo.local" value="/var/folders/9y/d8m3bt2n6ss2z4kt4j3r5rfr0000gr/T/transformation_dependencies_temp_1717869481086"/>
    <property name="java.class.version" value="52.0"/>
  </properties>
  <testcase name="generateValidImage" classname="wordcloud.WordCloudGeneratorUnitTest" time="1.297">
    <system-err><![CDATA[SLF4J: Failed to load class "org.slf4j.impl.StaticLoggerBinder".
SLF4J: Defaulting to no-operation (NOP) logger implementation
SLF4J: See http://www.slf4j.org/codes.html#StaticLoggerBinder for further details.
]]></system-err>
  </testcase>
  <testcase name="invalidInputReturnsFailureStatusCode" classname="wordcloud.WordCloudGeneratorUnitTest" time="0.004">
    <system-out><![CDATA[19:58:14.971 [main] ERROR wordcloud.WordCloudGenerator - com.fasterxml.jackson.core.JsonParseException: Unrecognized token 'Hello': was expecting (JSON String, Number, Array, Object or token 'null', 'true' or 'false')
 at [Source: (String)"Hello world"; line: 1, column: 6]
]]></system-out>
  </testcase>
</testsuite>